0 info it worked if it ends with ok
1 verbose cli [ '/usr/local/bin/node',
1 verbose cli   '/usr/local/bin/npm',
1 verbose cli   'install',
1 verbose cli   '--save',
1 verbose cli   'ngCordova' ]
2 info using npm@2.15.0
3 info using node@v4.4.2
4 verbose install initial load of /Users/Emmanuel/Documents/WebApp/Teaching-HEIGVD-CM_APPMOB-2016-CitizenEngagement/package.json
5 warn package.json citizen-engagement@1.1.1 No repository field.
6 warn package.json citizen-engagement@1.1.1 No license field.
7 verbose installManyTop reading scoped package data from /Users/Emmanuel/Documents/WebApp/Teaching-HEIGVD-CM_APPMOB-2016-CitizenEngagement/node_modules/angular-google-maps/package.json
8 verbose installManyTop reading scoped package data from /Users/Emmanuel/Documents/WebApp/Teaching-HEIGVD-CM_APPMOB-2016-CitizenEngagement/node_modules/bower/package.json
9 verbose installManyTop reading scoped package data from /Users/Emmanuel/Documents/WebApp/Teaching-HEIGVD-CM_APPMOB-2016-CitizenEngagement/node_modules/gulp/package.json
10 verbose installManyTop reading scoped package data from /Users/Emmanuel/Documents/WebApp/Teaching-HEIGVD-CM_APPMOB-2016-CitizenEngagement/node_modules/gulp-concat/package.json
11 verbose installManyTop reading scoped package data from /Users/Emmanuel/Documents/WebApp/Teaching-HEIGVD-CM_APPMOB-2016-CitizenEngagement/node_modules/gulp-minify-css/package.json
12 verbose installManyTop reading scoped package data from /Users/Emmanuel/Documents/WebApp/Teaching-HEIGVD-CM_APPMOB-2016-CitizenEngagement/node_modules/gulp-rename/package.json
13 verbose installManyTop reading scoped package data from /Users/Emmanuel/Documents/WebApp/Teaching-HEIGVD-CM_APPMOB-2016-CitizenEngagement/node_modules/gulp-replace/package.json
14 verbose installManyTop reading scoped package data from /Users/Emmanuel/Documents/WebApp/Teaching-HEIGVD-CM_APPMOB-2016-CitizenEngagement/node_modules/gulp-sass/package.json
15 verbose installManyTop reading scoped package data from /Users/Emmanuel/Documents/WebApp/Teaching-HEIGVD-CM_APPMOB-2016-CitizenEngagement/node_modules/gulp-util/package.json
16 verbose installManyTop reading scoped package data from /Users/Emmanuel/Documents/WebApp/Teaching-HEIGVD-CM_APPMOB-2016-CitizenEngagement/node_modules/shelljs/package.json
17 info package.json gulp-minify-css@0.3.13 No license field.
18 info package.json gulp-rename@1.2.2 No license field.
19 info package.json gulp-util@2.2.20 No license field.
20 info package.json shelljs@0.3.0 license should be a valid SPDX license expression
21 verbose readDependencies loading dependencies from /Users/Emmanuel/Documents/WebApp/Teaching-HEIGVD-CM_APPMOB-2016-CitizenEngagement/package.json
22 silly cache add args [ 'ngCordova', null ]
23 verbose cache add spec ngCordova
24 silly cache add parsed spec Result {
24 silly cache add   raw: 'ngCordova',
24 silly cache add   scope: null,
24 silly cache add   name: 'ngCordova',
24 silly cache add   rawSpec: '',
24 silly cache add   spec: 'latest',
24 silly cache add   type: 'tag' }
25 silly addNamed ngCordova@latest
26 verbose addNamed "latest" is being treated as a dist-tag for ngCordova
27 info addNameTag [ 'ngCordova', 'latest' ]
28 silly mapToRegistry name ngCordova
29 silly mapToRegistry using default registry
30 silly mapToRegistry registry https://registry.npmjs.org/
31 silly mapToRegistry data Result {
31 silly mapToRegistry   raw: 'ngCordova',
31 silly mapToRegistry   scope: null,
31 silly mapToRegistry   name: 'ngCordova',
31 silly mapToRegistry   rawSpec: '',
31 silly mapToRegistry   spec: 'latest',
31 silly mapToRegistry   type: 'tag' }
32 silly mapToRegistry uri https://registry.npmjs.org/ngCordova
33 verbose addNameTag registry:https://registry.npmjs.org/ngCordova not in flight; fetching
34 verbose request uri https://registry.npmjs.org/ngCordova
35 verbose request no auth needed
36 info attempt registry request try #1 at 02:10:39
37 verbose request id 44b8b94f8dd3ce5d
38 http request GET https://registry.npmjs.org/ngCordova
39 http 404 https://registry.npmjs.org/ngCordova
40 verbose headers { 'content-type': 'application/json',
40 verbose headers   'cache-control': 'max-age=0',
40 verbose headers   'content-length': '2',
40 verbose headers   'accept-ranges': 'bytes',
40 verbose headers   date: 'Fri, 08 Apr 2016 00:09:36 GMT',
40 verbose headers   via: '1.1 varnish',
40 verbose headers   age: '0',
40 verbose headers   connection: 'keep-alive',
40 verbose headers   'x-served-by': 'cache-fra1232-FRA',
40 verbose headers   'x-cache': 'MISS',
40 verbose headers   'x-cache-hits': '0',
40 verbose headers   'x-timer': 'S1460074176.888321,VS0,VE107',
40 verbose headers   vary: 'Accept-Encoding' }
41 silly get cb [ 404,
41 silly get   { 'content-type': 'application/json',
41 silly get     'cache-control': 'max-age=0',
41 silly get     'content-length': '2',
41 silly get     'accept-ranges': 'bytes',
41 silly get     date: 'Fri, 08 Apr 2016 00:09:36 GMT',
41 silly get     via: '1.1 varnish',
41 silly get     age: '0',
41 silly get     connection: 'keep-alive',
41 silly get     'x-served-by': 'cache-fra1232-FRA',
41 silly get     'x-cache': 'MISS',
41 silly get     'x-cache-hits': '0',
41 silly get     'x-timer': 'S1460074176.888321,VS0,VE107',
41 silly get     vary: 'Accept-Encoding' } ]
42 verbose stack Error: Registry returned 404 for GET on https://registry.npmjs.org/ngCordova
42 verbose stack     at makeError (/usr/local/lib/node_modules/npm/node_modules/npm-registry-client/lib/request.js:264:12)
42 verbose stack     at CachingRegistryClient.<anonymous> (/usr/local/lib/node_modules/npm/node_modules/npm-registry-client/lib/request.js:242:14)
42 verbose stack     at Request._callback (/usr/local/lib/node_modules/npm/node_modules/npm-registry-client/lib/request.js:172:14)
42 verbose stack     at Request.self.callback (/usr/local/lib/node_modules/npm/node_modules/request/request.js:199:22)
42 verbose stack     at emitTwo (events.js:87:13)
42 verbose stack     at Request.emit (events.js:172:7)
42 verbose stack     at Request.<anonymous> (/usr/local/lib/node_modules/npm/node_modules/request/request.js:1036:10)
42 verbose stack     at emitOne (events.js:82:20)
42 verbose stack     at Request.emit (events.js:169:7)
42 verbose stack     at IncomingMessage.<anonymous> (/usr/local/lib/node_modules/npm/node_modules/request/request.js:963:12)
43 verbose statusCode 404
44 verbose pkgid ngCordova
45 verbose cwd /Users/Emmanuel/Documents/WebApp/Teaching-HEIGVD-CM_APPMOB-2016-CitizenEngagement
46 error Darwin 15.3.0
47 error argv "/usr/local/bin/node" "/usr/local/bin/npm" "install" "--save" "ngCordova"
48 error node v4.4.2
49 error npm  v2.15.0
50 error code E404
51 error 404 Registry returned 404 for GET on https://registry.npmjs.org/ngCordova
51 error 404
51 error 404 'ngCordova' is not in the npm registry.
51 error 404 Your package name is not valid, because
51 error 404
51 error 404  1. name can no longer contain capital letters
51 error 404 It was specified as a dependency of 'citizen-engagement'
51 error 404
51 error 404 Note that you can also install from a
51 error 404 tarball, folder, http url, or git url.
52 verbose exit [ 1, true ]
